<?xml version="1.0" encoding="UTF-8"?>
<!-- Generated by org.testng.reporters.JUnitXMLReporter -->
<testsuite ignored="0" hostname="DESKTOP-C34UQS0" failures="1" tests="10" name="MP_QPreSignUp2Publish" time="139.29" errors="0" timestamp="28 Sep 2018 15:58:53 GMT">
  <testcase classname="Testcase.MP_QPreSignUp2Publish" name="verifyEventsGenerated" time="92.226"/>
  <testcase classname="Testcase.MP_QPreSignUp2Publish" name="e_OnbSurveyAnwser" time="0.002"/>
  <testcase classname="Testcase.MP_QPreSignUp2Publish" name="e_FinishOnbSurvey" time="0.001"/>
  <testcase classname="Testcase.MP_QPreSignUp2Publish" name="e_ClickNavigation" time="0.002"/>
  <testcase classname="Testcase.MP_QPreSignUp2Publish" name="e_ClickOnCreateFromBlank" time="0.001"/>
  <testcase classname="Testcase.MP_QPreSignUp2Publish" name="e_FinishEditorTourGuide" time="0.001"/>
  <testcase classname="Testcase.MP_QPreSignUp2Publish" name="e_ClickOnPublish" time="0.002"/>
  <testcase classname="Testcase.MP_QPreSignUp2Publish" name="e_ClickOnbStyleAnwser" time="0.001"/>
  <testcase classname="Testcase.MP_QPreSignUp2Publish" name="e_ClickCancelSubscription" time="0.001"/>
  <testcase classname="Testcase.MP_QPreSignUp2Publish" name="intercomEvents" time="0.363">
    <failure type="java.lang.AssertionError" message="expected [true] but found [false]">
      <![CDATA[java.lang.AssertionError: expected [true] but found [false]
at Testcase.MP_QPreSignUp2Publish.intercomEvents(MP_QPreSignUp2Publish.java:201)
... Removed 29 stack frames]]>
    </failure>
  </testcase> <!-- intercomEvents -->
</testsuite> <!-- MP_QPreSignUp2Publish -->
