<?xml version="1.0" encoding="UTF-8"?>
<!-- Generated by org.testng.reporters.JUnitXMLReporter -->
<testsuite ignored="0" hostname="DESKTOP-C34UQS0" failures="0" tests="11" name="MP_StaticTemplatePre2Share" time="32.587" errors="0" timestamp="21 Sep 2018 21:45:00 GMT">
  <testcase classname="Testcase.MP_StaticTemplatePre2Share" name="@BeforeClass beforeClass" time="32.561">
    <failure type="org.openqa.selenium.TimeoutException" message="Expected condition failed: waiting for visibility of element located by By.id: onboarding-option-enterprise (tried for 10 second(s) with 500 MILLISECONDS interval)">
      <![CDATA[org.openqa.selenium.TimeoutException: Expected condition failed: waiting for visibility of element located by By.id: onboarding-option-enterprise (tried for 10 second(s) with 500 MILLISECONDS interval)
at org.openqa.selenium.support.ui.WebDriverWait.timeoutException(WebDriverWait.java:80)
at org.openqa.selenium.support.ui.FluentWait.until(FluentWait.java:232)
at Utility.Utils.waitUntilElementIsVisible(Utils.java:128)
at Object.O_Onboarding.completeOnboarding(O_Onboarding.java:57)
at Testcase.MP_StaticTemplatePre2Share.beforeClass(MP_StaticTemplatePre2Share.java:53)
Caused by: org.openqa.selenium.NoSuchElementException: Cannot locate an element using By.id: onboarding-option-enterprise
For documentation on this error, please visit: http://seleniumhq.org/exceptions/no_such_element.html
Build info: version: 'unknown', revision: 'unknown', time: 'unknown'
System info: host: 'DESKTOP-C34UQS0', ip: '192.168.56.1', os.name: 'Windows 10', os.arch: 'amd64', os.version: '10.0', java.version: '10.0.1'
Driver info: driver.version: unknown
at org.openqa.selenium.support.ui.ExpectedConditions.lambda$findElement$0(ExpectedConditions.java:883)
at java.base/java.util.Optional.orElseThrow(Unknown Source)
at org.openqa.selenium.support.ui.ExpectedConditions.findElement(ExpectedConditions.java:882)
at org.openqa.selenium.support.ui.ExpectedConditions.access$000(ExpectedConditions.java:44)
at org.openqa.selenium.support.ui.ExpectedConditions$7.apply(ExpectedConditions.java:206)
at org.openqa.selenium.support.ui.ExpectedConditions$7.apply(ExpectedConditions.java:202)
at org.openqa.selenium.support.ui.FluentWait.until(FluentWait.java:209)
... 29 more
... Removed 26 stack frames]]>
    </failure>
  </testcase> <!-- @BeforeClass beforeClass -->
  <testcase classname="Testcase.MP_StaticTemplatePre2Share" name="@AfterClass afterClass" time="0.0">
    <skipped/>
  </testcase> <!-- @AfterClass afterClass -->
  <testcase classname="Testcase.MP_StaticTemplatePre2Share" name="verifyEventsGenerated" time="0.0">
    <skipped/>
  </testcase> <!-- verifyEventsGenerated -->
  <testcase classname="Testcase.MP_StaticTemplatePre2Share" name="e_LoadStaticTemplatesPage" time="0.0">
    <skipped/>
  </testcase> <!-- e_LoadStaticTemplatesPage -->
  <testcase classname="Testcase.MP_StaticTemplatePre2Share" name="e_ClickNavigation" time="0.0">
    <skipped/>
  </testcase> <!-- e_ClickNavigation -->
  <testcase classname="Testcase.MP_StaticTemplatePre2Share" name="e_ClickSignUpFromTemplates" time="0.0">
    <skipped/>
  </testcase> <!-- e_ClickSignUpFromTemplates -->
  <testcase classname="Testcase.MP_StaticTemplatePre2Share" name="e_OnbSurveyAnwser" time="0.0">
    <skipped/>
  </testcase> <!-- e_OnbSurveyAnwser -->
  <testcase classname="Testcase.MP_StaticTemplatePre2Share" name="e_FinishOnbSurvey" time="0.0">
    <skipped/>
  </testcase> <!-- e_FinishOnbSurvey -->
  <testcase classname="Testcase.MP_StaticTemplatePre2Share" name="e_ClickOnupgrade" time="0.0">
    <skipped/>
  </testcase> <!-- e_ClickOnupgrade -->
  <testcase classname="Testcase.MP_StaticTemplatePre2Share" name="e_ClickOnCreateFromTemplates" time="0.0">
    <skipped/>
  </testcase> <!-- e_ClickOnCreateFromTemplates -->
  <testcase classname="Testcase.MP_StaticTemplatePre2Share" name="e_FinishEditorTourGuide" time="0.0">
    <skipped/>
  </testcase> <!-- e_FinishEditorTourGuide -->
  <testcase classname="Testcase.MP_StaticTemplatePre2Share" name="e_Share" time="0.0">
    <skipped/>
  </testcase> <!-- e_Share -->
  <testcase classname="Testcase.MP_StaticTemplatePre2Share" name="e_ClickOnbStyleAnwser" time="0.0">
    <skipped/>
  </testcase> <!-- e_ClickOnbStyleAnwser -->
</testsuite> <!-- MP_StaticTemplatePre2Share -->
