<?xml version="1.0" encoding="UTF-8"?>
<!-- Generated by org.testng.reporters.JUnitXMLReporter -->
<testsuite ignored="0" hostname="DESKTOP-C34UQS0" failures="2" tests="16" name="MP_YEduSignUp2ShareToTeam" time="235.849" errors="0" timestamp="28 Sep 2018 16:05:07 GMT">
  <testcase classname="Testcase.MP_YEduSignUp2ShareToTeam" name="verifyEventsGenerated_Owner" time="162.022">
    <failure type="java.lang.AssertionError" message="expected [true] but found [false]">
      <![CDATA[java.lang.AssertionError: expected [true] but found [false]
at Testcase.MP_YEduSignUp2ShareToTeam.verifyEventsGenerated_Owner(MP_YEduSignUp2ShareToTeam.java:107)
... Removed 29 stack frames]]>
    </failure>
  </testcase> <!-- verifyEventsGenerated_Owner -->
  <testcase classname="Testcase.MP_YEduSignUp2ShareToTeam" name="e_OnbSurveyAnwser_Owner" time="0.001"/>
  <testcase classname="Testcase.MP_YEduSignUp2ShareToTeam" name="e_FinishOnbSurvey_Owner" time="0.0"/>
  <testcase classname="Testcase.MP_YEduSignUp2ShareToTeam" name="e_ClickOnbStyleAnwser_Owner" time="0.001"/>
  <testcase classname="Testcase.MP_YEduSignUp2ShareToTeam" name="e_ClickOnCreateFromTemplate_Owner" time="0.001"/>
  <testcase classname="Testcase.MP_YEduSignUp2ShareToTeam" name="e_FinishEditorTourGuide" time="0.001"/>
  <testcase classname="Testcase.MP_YEduSignUp2ShareToTeam" name="e_Share_Owner" time="0.001">
    <failure type="java.lang.NullPointerException">
      <![CDATA[java.lang.NullPointerException
at Function.F_Mixpanel_API.verifyEventProperties(F_Mixpanel_API.java:182)
at Testcase.MP_YEduSignUp2ShareToTeam.e_Share_Owner(MP_YEduSignUp2ShareToTeam.java:189)
... Removed 25 stack frames]]>
    </failure>
  </testcase> <!-- e_Share_Owner -->
  <testcase classname="Testcase.MP_YEduSignUp2ShareToTeam" name="verifyEventsGenerated_Member" time="1.212"/>
  <testcase classname="Testcase.MP_YEduSignUp2ShareToTeam" name="e_OnbSurveyAnwser_Mem" time="0.001"/>
  <testcase classname="Testcase.MP_YEduSignUp2ShareToTeam" name="e_FinishOnbSurvey_Mem" time="0.001"/>
  <testcase classname="Testcase.MP_YEduSignUp2ShareToTeam" name="e_ClickOnbStyleAnwser_Mem" time="0.001"/>
  <testcase classname="Testcase.MP_YEduSignUp2ShareToTeam" name="e_ClickOnCreateFromTemplate_Mem" time="0.001"/>
  <testcase classname="Testcase.MP_YEduSignUp2ShareToTeam" name="e_FinishEditorTourGuide_Mem" time="0.002"/>
  <testcase classname="Testcase.MP_YEduSignUp2ShareToTeam" name="e_Share_Mem" time="0.002"/>
  <testcase classname="Testcase.MP_YEduSignUp2ShareToTeam" name="intercom_Owner" time="0.68"/>
  <testcase classname="Testcase.MP_YEduSignUp2ShareToTeam" name="intercom_Mem" time="0.349"/>
</testsuite> <!-- MP_YEduSignUp2ShareToTeam -->
