<html>
<head>
<title>TestNG:  MP_YEduSignUp2ShareToTeam</title>
<link href="../testng.css" rel="stylesheet" type="text/css" />
<link href="../my-testng.css" rel="stylesheet" type="text/css" />

<style type="text/css">
.log { display: none;} 
.stack-trace { display: none;} 
</style>
<script type="text/javascript">
<!--
function flip(e) {
  current = e.style.display;
  if (current == 'block') {
    e.style.display = 'none';
    return 0;
  }
  else {
    e.style.display = 'block';
    return 1;
  }
}

function toggleBox(szDivId, elem, msg1, msg2)
{
  var res = -1;  if (document.getElementById) {
    res = flip(document.getElementById(szDivId));
  }
  else if (document.all) {
    // this is the way old msie versions work
    res = flip(document.all[szDivId]);
  }
  if(elem) {
    if(res == 0) elem.innerHTML = msg1; else elem.innerHTML = msg2;
  }

}

function toggleAllBoxes() {
  if (document.getElementsByTagName) {
    d = document.getElementsByTagName('div');
    for (i = 0; i < d.length; i++) {
      if (d[i].className == 'log') {
        flip(d[i]);
      }
    }
  }
}

// -->
</script>

</head>
<body>
<h2 align='center'>MP_YEduSignUp2ShareToTeam</h2><table border='1' align="center">
<tr>
<td>Tests passed/Failed/Skipped:</td><td>14/2/0</td>
</tr><tr>
<td>Started on:</td><td>Fri Sep 28 12:01:11 EDT 2018</td>
</tr>
<tr><td>Total time:</td><td>235 seconds (235849 ms)</td>
</tr><tr>
<td>Included groups:</td><td></td>
</tr><tr>
<td>Excluded groups:</td><td></td>
</tr>
</table><p/>
<small><i>(Hover the method name to see the test class name)</i></small><p/>
<table width='100%' border='1' class='invocation-failed'>
<tr><td colspan='4' align='center'><b>FAILED TESTS</b></td></tr>
<tr><td><b>Test method</b></td>
<td width="30%"><b>Exception</b></td>
<td width="10%"><b>Time (seconds)</b></td>
<td><b>Instance</b></td>
</tr>
<tr>
<td title='Testcase.MP_YEduSignUp2ShareToTeam.e_Share_Owner()'><b>e_Share_Owner</b><br>Test class: Testcase.MP_YEduSignUp2ShareToTeam</td>
<td><div><pre>java.lang.NullPointerException
	at Function.F_Mixpanel_API.verifyEventProperties(F_Mixpanel_API.java:182)
	at Testcase.MP_YEduSignUp2ShareToTeam.e_Share_Owner(MP_YEduSignUp2ShareToTeam.java:189)
... Removed 25 stack frames</pre></div><a href='#' onClick='toggleBox("stack-trace172106640", this, "Click to show all stack frames", "Click to hide stack frames")'>Click to show all stack frames</a>
<div class='stack-trace' id='stack-trace172106640'><pre>java.lang.NullPointerException
	at Function.F_Mixpanel_API.verifyEventProperties(F_Mixpanel_API.java:182)
	at Testcase.MP_YEduSignUp2ShareToTeam.e_Share_Owner(MP_YEduSignUp2ShareToTeam.java:189)
	at java.base/jdk.internal.reflect.NativeMethodAccessorImpl.invoke0(Native Method)
	at java.base/jdk.internal.reflect.NativeMethodAccessorImpl.invoke(Unknown Source)
	at java.base/jdk.internal.reflect.DelegatingMethodAccessorImpl.invoke(Unknown Source)
	at java.base/java.lang.reflect.Method.invoke(Unknown Source)
	at org.testng.internal.MethodInvocationHelper.invokeMethod(MethodInvocationHelper.java:124)
	at org.testng.internal.Invoker.invokeMethod(Invoker.java:580)
	at org.testng.internal.Invoker.invokeTestMethod(Invoker.java:716)
	at org.testng.internal.Invoker.invokeTestMethods(Invoker.java:988)
	at org.testng.internal.TestMethodWorker.invokeTestMethods(TestMethodWorker.java:125)
	at org.testng.internal.TestMethodWorker.run(TestMethodWorker.java:109)
	at org.testng.TestRunner.privateRun(TestRunner.java:648)
	at org.testng.TestRunner.run(TestRunner.java:505)
	at org.testng.SuiteRunner.runTest(SuiteRunner.java:455)
	at org.testng.SuiteRunner.runSequentially(SuiteRunner.java:450)
	at org.testng.SuiteRunner.privateRun(SuiteRunner.java:415)
	at org.testng.SuiteRunner.run(SuiteRunner.java:364)
	at org.testng.SuiteRunnerWorker.runSuite(SuiteRunnerWorker.java:52)
	at org.testng.SuiteRunnerWorker.run(SuiteRunnerWorker.java:84)
	at org.testng.TestNG.runSuitesSequentially(TestNG.java:1208)
	at org.testng.TestNG.runSuitesLocally(TestNG.java:1137)
	at org.testng.TestNG.runSuites(TestNG.java:1049)
	at org.testng.TestNG.run(TestNG.java:1017)
	at org.testng.remote.AbstractRemoteTestNG.run(AbstractRemoteTestNG.java:114)
	at org.testng.remote.RemoteTestNG.initAndRun(RemoteTestNG.java:251)
	at org.testng.remote.RemoteTestNG.main(RemoteTestNG.java:77)
</pre></div></td>
<td>0</td>
<td>Testcase.MP_YEduSignUp2ShareToTeam@1caa0244</td></tr>
<tr>
<td title='Testcase.MP_YEduSignUp2ShareToTeam.verifyEventsGenerated_Owner()'><b>verifyEventsGenerated_Owner</b><br>Test class: Testcase.MP_YEduSignUp2ShareToTeam</td>
<td><div><pre>java.lang.AssertionError: expected [true] but found [false]
	at Testcase.MP_YEduSignUp2ShareToTeam.verifyEventsGenerated_Owner(MP_YEduSignUp2ShareToTeam.java:107)
... Removed 29 stack frames</pre></div><a href='#' onClick='toggleBox("stack-trace1121345532", this, "Click to show all stack frames", "Click to hide stack frames")'>Click to show all stack frames</a>
<div class='stack-trace' id='stack-trace1121345532'><pre>java.lang.AssertionError: expected [true] but found [false]
	at org.testng.Assert.fail(Assert.java:96)
	at org.testng.Assert.failNotEquals(Assert.java:776)
	at org.testng.Assert.assertTrue(Assert.java:44)
	at org.testng.Assert.assertTrue(Assert.java:54)
	at Testcase.MP_YEduSignUp2ShareToTeam.verifyEventsGenerated_Owner(MP_YEduSignUp2ShareToTeam.java:107)
	at java.base/jdk.internal.reflect.NativeMethodAccessorImpl.invoke0(Native Method)
	at java.base/jdk.internal.reflect.NativeMethodAccessorImpl.invoke(Unknown Source)
	at java.base/jdk.internal.reflect.DelegatingMethodAccessorImpl.invoke(Unknown Source)
	at java.base/java.lang.reflect.Method.invoke(Unknown Source)
	at org.testng.internal.MethodInvocationHelper.invokeMethod(MethodInvocationHelper.java:124)
	at org.testng.internal.Invoker.invokeMethod(Invoker.java:580)
	at org.testng.internal.Invoker.invokeTestMethod(Invoker.java:716)
	at org.testng.internal.Invoker.invokeTestMethods(Invoker.java:988)
	at org.testng.internal.TestMethodWorker.invokeTestMethods(TestMethodWorker.java:125)
	at org.testng.internal.TestMethodWorker.run(TestMethodWorker.java:109)
	at org.testng.TestRunner.privateRun(TestRunner.java:648)
	at org.testng.TestRunner.run(TestRunner.java:505)
	at org.testng.SuiteRunner.runTest(SuiteRunner.java:455)
	at org.testng.SuiteRunner.runSequentially(SuiteRunner.java:450)
	at org.testng.SuiteRunner.privateRun(SuiteRunner.java:415)
	at org.testng.SuiteRunner.run(SuiteRunner.java:364)
	at org.testng.SuiteRunnerWorker.runSuite(SuiteRunnerWorker.java:52)
	at org.testng.SuiteRunnerWorker.run(SuiteRunnerWorker.java:84)
	at org.testng.TestNG.runSuitesSequentially(TestNG.java:1208)
	at org.testng.TestNG.runSuitesLocally(TestNG.java:1137)
	at org.testng.TestNG.runSuites(TestNG.java:1049)
	at org.testng.TestNG.run(TestNG.java:1017)
	at org.testng.remote.AbstractRemoteTestNG.run(AbstractRemoteTestNG.java:114)
	at org.testng.remote.RemoteTestNG.initAndRun(RemoteTestNG.java:251)
	at org.testng.remote.RemoteTestNG.main(RemoteTestNG.java:77)
</pre></div></td>
<td>162</td>
<td>Testcase.MP_YEduSignUp2ShareToTeam@1caa0244</td></tr>
</table><p>
<table width='100%' border='1' class='invocation-passed'>
<tr><td colspan='4' align='center'><b>PASSED TESTS</b></td></tr>
<tr><td><b>Test method</b></td>
<td width="30%"><b>Exception</b></td>
<td width="10%"><b>Time (seconds)</b></td>
<td><b>Instance</b></td>
</tr>
<tr>
<td title='Testcase.MP_YEduSignUp2ShareToTeam.e_ClickOnCreateFromTemplate_Mem()'><b>e_ClickOnCreateFromTemplate_Mem</b><br>Test class: Testcase.MP_YEduSignUp2ShareToTeam</td>
<td></td>
<td>0</td>
<td>Testcase.MP_YEduSignUp2ShareToTeam@1caa0244</td></tr>
<tr>
<td title='Testcase.MP_YEduSignUp2ShareToTeam.e_ClickOnCreateFromTemplate_Owner()'><b>e_ClickOnCreateFromTemplate_Owner</b><br>Test class: Testcase.MP_YEduSignUp2ShareToTeam</td>
<td></td>
<td>0</td>
<td>Testcase.MP_YEduSignUp2ShareToTeam@1caa0244</td></tr>
<tr>
<td title='Testcase.MP_YEduSignUp2ShareToTeam.e_ClickOnbStyleAnwser_Mem()'><b>e_ClickOnbStyleAnwser_Mem</b><br>Test class: Testcase.MP_YEduSignUp2ShareToTeam</td>
<td></td>
<td>0</td>
<td>Testcase.MP_YEduSignUp2ShareToTeam@1caa0244</td></tr>
<tr>
<td title='Testcase.MP_YEduSignUp2ShareToTeam.e_ClickOnbStyleAnwser_Owner()'><b>e_ClickOnbStyleAnwser_Owner</b><br>Test class: Testcase.MP_YEduSignUp2ShareToTeam</td>
<td></td>
<td>0</td>
<td>Testcase.MP_YEduSignUp2ShareToTeam@1caa0244</td></tr>
<tr>
<td title='Testcase.MP_YEduSignUp2ShareToTeam.e_FinishEditorTourGuide()'><b>e_FinishEditorTourGuide</b><br>Test class: Testcase.MP_YEduSignUp2ShareToTeam</td>
<td></td>
<td>0</td>
<td>Testcase.MP_YEduSignUp2ShareToTeam@1caa0244</td></tr>
<tr>
<td title='Testcase.MP_YEduSignUp2ShareToTeam.e_FinishEditorTourGuide_Mem()'><b>e_FinishEditorTourGuide_Mem</b><br>Test class: Testcase.MP_YEduSignUp2ShareToTeam</td>
<td></td>
<td>0</td>
<td>Testcase.MP_YEduSignUp2ShareToTeam@1caa0244</td></tr>
<tr>
<td title='Testcase.MP_YEduSignUp2ShareToTeam.e_FinishOnbSurvey_Mem()'><b>e_FinishOnbSurvey_Mem</b><br>Test class: Testcase.MP_YEduSignUp2ShareToTeam</td>
<td></td>
<td>0</td>
<td>Testcase.MP_YEduSignUp2ShareToTeam@1caa0244</td></tr>
<tr>
<td title='Testcase.MP_YEduSignUp2ShareToTeam.e_FinishOnbSurvey_Owner()'><b>e_FinishOnbSurvey_Owner</b><br>Test class: Testcase.MP_YEduSignUp2ShareToTeam</td>
<td></td>
<td>0</td>
<td>Testcase.MP_YEduSignUp2ShareToTeam@1caa0244</td></tr>
<tr>
<td title='Testcase.MP_YEduSignUp2ShareToTeam.e_OnbSurveyAnwser_Mem()'><b>e_OnbSurveyAnwser_Mem</b><br>Test class: Testcase.MP_YEduSignUp2ShareToTeam</td>
<td></td>
<td>0</td>
<td>Testcase.MP_YEduSignUp2ShareToTeam@1caa0244</td></tr>
<tr>
<td title='Testcase.MP_YEduSignUp2ShareToTeam.e_OnbSurveyAnwser_Owner()'><b>e_OnbSurveyAnwser_Owner</b><br>Test class: Testcase.MP_YEduSignUp2ShareToTeam</td>
<td></td>
<td>0</td>
<td>Testcase.MP_YEduSignUp2ShareToTeam@1caa0244</td></tr>
<tr>
<td title='Testcase.MP_YEduSignUp2ShareToTeam.e_Share_Mem()'><b>e_Share_Mem</b><br>Test class: Testcase.MP_YEduSignUp2ShareToTeam</td>
<td></td>
<td>0</td>
<td>Testcase.MP_YEduSignUp2ShareToTeam@1caa0244</td></tr>
<tr>
<td title='Testcase.MP_YEduSignUp2ShareToTeam.intercom_Mem()'><b>intercom_Mem</b><br>Test class: Testcase.MP_YEduSignUp2ShareToTeam</td>
<td></td>
<td>0</td>
<td>Testcase.MP_YEduSignUp2ShareToTeam@1caa0244</td></tr>
<tr>
<td title='Testcase.MP_YEduSignUp2ShareToTeam.intercom_Owner()'><b>intercom_Owner</b><br>Test class: Testcase.MP_YEduSignUp2ShareToTeam</td>
<td></td>
<td>0</td>
<td>Testcase.MP_YEduSignUp2ShareToTeam@1caa0244</td></tr>
<tr>
<td title='Testcase.MP_YEduSignUp2ShareToTeam.verifyEventsGenerated_Member()'><b>verifyEventsGenerated_Member</b><br>Test class: Testcase.MP_YEduSignUp2ShareToTeam</td>
<td></td>
<td>1</td>
<td>Testcase.MP_YEduSignUp2ShareToTeam@1caa0244</td></tr>
</table><p>
</body>
</html>