<?xml version="1.0" encoding="UTF-8"?>
<!-- Generated by org.testng.reporters.JUnitXMLReporter -->
<testsuite ignored="0" hostname="DESKTOP-C34UQS0" failures="9" tests="10" name="SingleTestFirefox" time="190.587" errors="0" timestamp="19 Oct 2018 17:31:13 GMT">
  <testcase classname="Testcase.BrowserStackTestNGTest" name="@AfterClass tearDown" time="0.842">
    <failure type="org.openqa.selenium.WebDriverException" message="Session not started or terminated (WARNING: The server did not provide any stacktrace information)
Command duration or timeout: 0 milliseconds
Build info: version: &amp;apos;unknown&amp;apos;, revision: &amp;apos;unknown&amp;apos;, time: &amp;apos;unknown&amp;apos;
System info: host: &amp;apos;DESKTOP-C34UQS0&amp;apos;, ip: &amp;apos;192.168.56.1&amp;apos;, os.name: &amp;apos;Windows 10&amp;apos;, os.arch: &amp;apos;amd64&amp;apos;, os.version: &amp;apos;10.0&amp;apos;, java.version: &amp;apos;10.0.1&amp;apos;
Driver info: org.openqa.selenium.remote.RemoteWebDriver
Capabilities [{mobileEmulationEnabled=false, hasTouchScreen=false, platform=XP, acceptSslCerts=false, goog:chromeOptions={debuggerAddress=localhost:2294}, acceptInsecureCerts=false, webStorageEnabled=true, browserName=chrome, takesScreenshot=true, javascriptEnabled=true, setWindowRect=true, unexpectedAlertBehaviour=, applicationCacheEnabled=false, rotatable=false, networkConnectionEnabled=false, chrome={chromedriverVersion=2.41.578737 (49da6702b16031c40d63e5618de03a32ff6c197e), userDataDir=C:\Windows\proxy\scoped_dir11472_3048}, takesHeapSnapshot=true, unhandledPromptBehavior=, pageLoadStrategy=normal, databaseEnabled=false, handlesAlerts=true, version=69.0.3497.92, browserConnectionEnabled=false, nativeEvents=true, webdriver.remote.sessionid=1667c221188a47203e4758b6d1f3f0167b88c820, locationContextEnabled=true, cssSelectorsEnabled=true}]
Session ID: 1667c221188a47203e4758b6d1f3f0167b88c820">
      <![CDATA[org.openqa.selenium.WebDriverException: Session not started or terminated (WARNING: The server did not provide any stacktrace information)
Command duration or timeout: 0 milliseconds
Build info: version: 'unknown', revision: 'unknown', time: 'unknown'
System info: host: 'DESKTOP-C34UQS0', ip: '192.168.56.1', os.name: 'Windows 10', os.arch: 'amd64', os.version: '10.0', java.version: '10.0.1'
Driver info: org.openqa.selenium.remote.RemoteWebDriver
Capabilities [{mobileEmulationEnabled=false, hasTouchScreen=false, platform=XP, acceptSslCerts=false, goog:chromeOptions={debuggerAddress=localhost:2294}, acceptInsecureCerts=false, webStorageEnabled=true, browserName=chrome, takesScreenshot=true, javascriptEnabled=true, setWindowRect=true, unexpectedAlertBehaviour=, applicationCacheEnabled=false, rotatable=false, networkConnectionEnabled=false, chrome={chromedriverVersion=2.41.578737 (49da6702b16031c40d63e5618de03a32ff6c197e), userDataDir=C:\Windows\proxy\scoped_dir11472_3048}, takesHeapSnapshot=true, unhandledPromptBehavior=, pageLoadStrategy=normal, databaseEnabled=false, handlesAlerts=true, version=69.0.3497.92, browserConnectionEnabled=false, nativeEvents=true, webdriver.remote.sessionid=1667c221188a47203e4758b6d1f3f0167b88c820, locationContextEnabled=true, cssSelectorsEnabled=true}]
Session ID: 1667c221188a47203e4758b6d1f3f0167b88c820
at org.openqa.selenium.remote.ErrorHandler.createThrowable(ErrorHandler.java:215)
at org.openqa.selenium.remote.ErrorHandler.throwIfResponseFailed(ErrorHandler.java:167)
at org.openqa.selenium.remote.http.JsonHttpResponseCodec.reconstructValue(JsonHttpResponseCodec.java:40)
at org.openqa.selenium.remote.http.AbstractHttpResponseCodec.decode(AbstractHttpResponseCodec.java:82)
at org.openqa.selenium.remote.http.AbstractHttpResponseCodec.decode(AbstractHttpResponseCodec.java:45)
at org.openqa.selenium.remote.HttpCommandExecutor.execute(HttpCommandExecutor.java:164)
at org.openqa.selenium.remote.RemoteWebDriver.execute(RemoteWebDriver.java:641)
at org.openqa.selenium.remote.RemoteWebDriver.execute(RemoteWebDriver.java:698)
at org.openqa.selenium.remote.RemoteWebDriver.quit(RemoteWebDriver.java:537)
at Testcase.BrowserStackTestNGTest.tearDown(BrowserStackTestNGTest.java:81)
at java.base/java.util.concurrent.FutureTask.run(Unknown Source)
at java.base/java.util.concurrent.ThreadPoolExecutor.runWorker(Unknown Source)
at java.base/java.util.concurrent.ThreadPoolExecutor$Worker.run(Unknown Source)
at java.base/java.lang.Thread.run(Unknown Source)
... Removed 21 stack frames]]>
    </failure>
  </testcase> <!-- @AfterClass tearDown -->
  <testcase classname="Testcase.MP_MPreSignUp2PNGDownload" name="beforeMethod" time="17.985">
    <failure type="org.openqa.selenium.TimeoutException" message="Expected condition failed: waiting for visibility of element located by By.xpath: //div[@id=&amp;apos;styles__modalContent--Eznb_&amp;apos;]//div[@id=&amp;apos;styles__root--3tkRc&amp;apos;] (tried for 10 second(s) with 500 MILLISECONDS interval)">
      <![CDATA[org.openqa.selenium.TimeoutException: Expected condition failed: waiting for visibility of element located by By.xpath: //div[@id='styles__modalContent--Eznb_']//div[@id='styles__root--3tkRc'] (tried for 10 second(s) with 500 MILLISECONDS interval)
at org.openqa.selenium.support.ui.WebDriverWait.timeoutException(WebDriverWait.java:80)
at org.openqa.selenium.support.ui.FluentWait.until(FluentWait.java:232)
at Utility.Utils.waitUntilElementIsVisible(Utils.java:153)
at Object.O_Payment.upgrade(O_Payment.java:35)
at Testcase.MP_MPreSignUp2PNGDownload.beforeMethod(MP_MPreSignUp2PNGDownload.java:60)
at java.base/java.util.concurrent.FutureTask.run(Unknown Source)
at java.base/java.util.concurrent.ThreadPoolExecutor.runWorker(Unknown Source)
at java.base/java.util.concurrent.ThreadPoolExecutor$Worker.run(Unknown Source)
at java.base/java.lang.Thread.run(Unknown Source)
Caused by: org.openqa.selenium.NoSuchElementException: Cannot locate an element using By.xpath: //div[@id='styles__modalContent--Eznb_']//div[@id='styles__root--3tkRc']
For documentation on this error, please visit: http://seleniumhq.org/exceptions/no_such_element.html
Build info: version: 'unknown', revision: 'unknown', time: 'unknown'
System info: host: 'DESKTOP-C34UQS0', ip: '192.168.56.1', os.name: 'Windows 10', os.arch: 'amd64', os.version: '10.0', java.version: '10.0.1'
Driver info: driver.version: unknown
at org.openqa.selenium.support.ui.ExpectedConditions.lambda$findElement$0(ExpectedConditions.java:883)
at java.base/java.util.Optional.orElseThrow(Unknown Source)
at org.openqa.selenium.support.ui.ExpectedConditions.findElement(ExpectedConditions.java:882)
at org.openqa.selenium.support.ui.ExpectedConditions.access$000(ExpectedConditions.java:44)
at org.openqa.selenium.support.ui.ExpectedConditions$7.apply(ExpectedConditions.java:206)
at org.openqa.selenium.support.ui.ExpectedConditions$7.apply(ExpectedConditions.java:202)
at org.openqa.selenium.support.ui.FluentWait.until(FluentWait.java:209)
... 23 more
... Removed 16 stack frames]]>
    </failure>
  </testcase> <!-- beforeMethod -->
  <testcase classname="Testcase.MP_MPreSignUp2PNGDownload" name="verifyEventsGenerated" time="158.924">
    <failure type="java.lang.AssertionError" message="expected [true] but found [false]">
      <![CDATA[java.lang.AssertionError: expected [true] but found [false]
at Testcase.MP_MPreSignUp2PNGDownload.verifyEventsGenerated(MP_MPreSignUp2PNGDownload.java:94)
at java.base/java.util.concurrent.FutureTask.run(Unknown Source)
at java.base/java.util.concurrent.ThreadPoolExecutor.runWorker(Unknown Source)
at java.base/java.util.concurrent.ThreadPoolExecutor$Worker.run(Unknown Source)
at java.base/java.lang.Thread.run(Unknown Source)
... Removed 20 stack frames]]>
    </failure>
  </testcase> <!-- verifyEventsGenerated -->
  <testcase classname="Testcase.MP_MPreSignUp2PNGDownload" name="e_ClickOnbSurveyAnwser" time="0.002">
    <failure type="java.lang.NullPointerException">
      <![CDATA[java.lang.NullPointerException
at Function.F_Mixpanel_API.verifyEventProperties(F_Mixpanel_API.java:182)
at Testcase.MP_MPreSignUp2PNGDownload.e_ClickOnbSurveyAnwser(MP_MPreSignUp2PNGDownload.java:105)
at java.base/java.util.concurrent.FutureTask.run(Unknown Source)
at java.base/java.util.concurrent.ThreadPoolExecutor.runWorker(Unknown Source)
at java.base/java.util.concurrent.ThreadPoolExecutor$Worker.run(Unknown Source)
at java.base/java.lang.Thread.run(Unknown Source)
... Removed 16 stack frames]]>
    </failure>
  </testcase> <!-- e_ClickOnbSurveyAnwser -->
  <testcase classname="Testcase.MP_MPreSignUp2PNGDownload" name="e_ClickOnbStyleAnwser" time="0.001"/>
  <testcase classname="Testcase.MP_MPreSignUp2PNGDownload" name="e_FinishOnbSurvey" time="0.001">
    <failure type="java.lang.NullPointerException">
      <![CDATA[java.lang.NullPointerException
at Function.F_Mixpanel_API.verifyEventProperties(F_Mixpanel_API.java:182)
at Testcase.MP_MPreSignUp2PNGDownload.e_FinishOnbSurvey(MP_MPreSignUp2PNGDownload.java:134)
at java.base/java.util.concurrent.FutureTask.run(Unknown Source)
at java.base/java.util.concurrent.ThreadPoolExecutor.runWorker(Unknown Source)
at java.base/java.util.concurrent.ThreadPoolExecutor$Worker.run(Unknown Source)
at java.base/java.lang.Thread.run(Unknown Source)
... Removed 16 stack frames]]>
    </failure>
  </testcase> <!-- e_FinishOnbSurvey -->
  <testcase classname="Testcase.MP_MPreSignUp2PNGDownload" name="e_ClickOnCreateFromTemplates" time="0.002">
    <failure type="java.lang.NullPointerException">
      <![CDATA[java.lang.NullPointerException
at Function.F_Mixpanel_API.verifyEventProperties(F_Mixpanel_API.java:182)
at Testcase.MP_MPreSignUp2PNGDownload.e_ClickOnCreateFromTemplates(MP_MPreSignUp2PNGDownload.java:148)
at java.base/java.util.concurrent.FutureTask.run(Unknown Source)
at java.base/java.util.concurrent.ThreadPoolExecutor.runWorker(Unknown Source)
at java.base/java.util.concurrent.ThreadPoolExecutor$Worker.run(Unknown Source)
at java.base/java.lang.Thread.run(Unknown Source)
... Removed 16 stack frames]]>
    </failure>
  </testcase> <!-- e_ClickOnCreateFromTemplates -->
  <testcase classname="Testcase.MP_MPreSignUp2PNGDownload" name="e_FinishEditorTourGuide" time="0.002">
    <failure type="java.lang.NullPointerException">
      <![CDATA[java.lang.NullPointerException
at Function.F_Mixpanel_API.verifyEventProperties(F_Mixpanel_API.java:182)
at Testcase.MP_MPreSignUp2PNGDownload.e_FinishEditorTourGuide(MP_MPreSignUp2PNGDownload.java:162)
at java.base/java.util.concurrent.FutureTask.run(Unknown Source)
at java.base/java.util.concurrent.ThreadPoolExecutor.runWorker(Unknown Source)
at java.base/java.util.concurrent.ThreadPoolExecutor$Worker.run(Unknown Source)
at java.base/java.lang.Thread.run(Unknown Source)
... Removed 16 stack frames]]>
    </failure>
  </testcase> <!-- e_FinishEditorTourGuide -->
  <testcase classname="Testcase.MP_MPreSignUp2PNGDownload" name="e_Download" time="0.002">
    <failure type="java.lang.NullPointerException">
      <![CDATA[java.lang.NullPointerException
at Function.F_Mixpanel_API.verifyEventProperties(F_Mixpanel_API.java:182)
at Testcase.MP_MPreSignUp2PNGDownload.e_Download(MP_MPreSignUp2PNGDownload.java:174)
at java.base/java.util.concurrent.FutureTask.run(Unknown Source)
at java.base/java.util.concurrent.ThreadPoolExecutor.runWorker(Unknown Source)
at java.base/java.util.concurrent.ThreadPoolExecutor$Worker.run(Unknown Source)
at java.base/java.lang.Thread.run(Unknown Source)
... Removed 16 stack frames]]>
    </failure>
  </testcase> <!-- e_Download -->
  <testcase classname="Testcase.MP_MPreSignUp2PNGDownload" name="e_ClickCancelSubscription" time="0.002">
    <failure type="java.lang.NullPointerException">
      <![CDATA[java.lang.NullPointerException
at Function.F_Mixpanel_API.verifyEventProperties(F_Mixpanel_API.java:182)
at Testcase.MP_MPreSignUp2PNGDownload.e_ClickCancelSubscription(MP_MPreSignUp2PNGDownload.java:188)
at java.base/java.util.concurrent.FutureTask.run(Unknown Source)
at java.base/java.util.concurrent.ThreadPoolExecutor.runWorker(Unknown Source)
at java.base/java.util.concurrent.ThreadPoolExecutor$Worker.run(Unknown Source)
at java.base/java.lang.Thread.run(Unknown Source)
... Removed 16 stack frames]]>
    </failure>
  </testcase> <!-- e_ClickCancelSubscription -->
  <testcase classname="Testcase.MP_MPreSignUp2PNGDownload" name="intercomEvents" time="0.283">
    <failure type="org.json.JSONException" message="JSONObject[&amp;quot;events&amp;quot;] not found.">
      <![CDATA[org.json.JSONException: JSONObject["events"] not found.
at org.json.JSONObject.get(JSONObject.java:454)
at org.json.JSONObject.getJSONArray(JSONObject.java:535)
at Function.F_Intercom_API.callIntercomAPI(F_Intercom_API.java:33)
at Testcase.MP_MPreSignUp2PNGDownload.intercomEvents(MP_MPreSignUp2PNGDownload.java:197)
at java.base/java.util.concurrent.FutureTask.run(Unknown Source)
at java.base/java.util.concurrent.ThreadPoolExecutor.runWorker(Unknown Source)
at java.base/java.util.concurrent.ThreadPoolExecutor$Worker.run(Unknown Source)
at java.base/java.lang.Thread.run(Unknown Source)
... Removed 16 stack frames]]>
    </failure>
  </testcase> <!-- intercomEvents -->
</testsuite> <!-- SingleTestFirefox -->
