<?xml version="1.0" encoding="UTF-8"?>
<!-- Generated by org.testng.reporters.JUnitReportReporter -->
<testsuite hostname="DESKTOP-C34UQS0" failures="1" tests="9" name="Testcase.MP_QPreSignUp2Publish" time="107.718" errors="0" timestamp="17 Sep 2018 18:04:46 GMT" skipped="0">
  <testcase classname="Testcase.MP_QPreSignUp2Publish" name="verifyEventsGenerated" time="107.094"/>
  <testcase classname="Testcase.MP_QPreSignUp2Publish" name="e_OnbSurveyAnwser" time="0.004"/>
  <testcase classname="Testcase.MP_QPreSignUp2Publish" name="e_FinishOnbSurvey" time="0.002"/>
  <testcase classname="Testcase.MP_QPreSignUp2Publish" name="e_ClickNavigation" time="0.003"/>
  <testcase classname="Testcase.MP_QPreSignUp2Publish" name="e_ClickOnCreateFromBlank" time="0.001"/>
  <testcase classname="Testcase.MP_QPreSignUp2Publish" name="e_FinishEditorTourGuide" time="0.002"/>
  <testcase classname="Testcase.MP_QPreSignUp2Publish" name="e_ClickOnPublish" time="0.001"/>
  <testcase classname="Testcase.MP_QPreSignUp2Publish" name="e_ClickOnbStyleAnwser" time="0.001"/>
  <testcase classname="Testcase.MP_QPreSignUp2Publish" name="intercomEvents" time="0.610">
    <failure message="expected [true] but found [false]" type="java.lang.AssertionError">
      <![CDATA[java.lang.AssertionError: expected [true] but found [false]
at org.testng.Assert.fail(Assert.java:96)
at org.testng.Assert.failNotEquals(Assert.java:776)
at org.testng.Assert.assertTrue(Assert.java:44)
at org.testng.Assert.assertTrue(Assert.java:54)
at Testcase.MP_QPreSignUp2Publish.intercomEvents(MP_QPreSignUp2Publish.java:183)
at java.base/jdk.internal.reflect.NativeMethodAccessorImpl.invoke0(Native Method)
at java.base/jdk.internal.reflect.NativeMethodAccessorImpl.invoke(Unknown Source)
at java.base/jdk.internal.reflect.DelegatingMethodAccessorImpl.invoke(Unknown Source)
at java.base/java.lang.reflect.Method.invoke(Unknown Source)
at org.testng.internal.MethodInvocationHelper.invokeMethod(MethodInvocationHelper.java:124)
at org.testng.internal.Invoker.invokeMethod(Invoker.java:580)
at org.testng.internal.Invoker.invokeTestMethod(Invoker.java:716)
at org.testng.internal.Invoker.invokeTestMethods(Invoker.java:988)
at org.testng.internal.TestMethodWorker.invokeTestMethods(TestMethodWorker.java:125)
at org.testng.internal.TestMethodWorker.run(TestMethodWorker.java:109)
at org.testng.TestRunner.privateRun(TestRunner.java:648)
at org.testng.TestRunner.run(TestRunner.java:505)
at org.testng.SuiteRunner.runTest(SuiteRunner.java:455)
at org.testng.SuiteRunner.runSequentially(SuiteRunner.java:450)
at org.testng.SuiteRunner.privateRun(SuiteRunner.java:415)
at org.testng.SuiteRunner.run(SuiteRunner.java:364)
at org.testng.SuiteRunnerWorker.runSuite(SuiteRunnerWorker.java:52)
at org.testng.SuiteRunnerWorker.run(SuiteRunnerWorker.java:84)
at org.testng.TestNG.runSuitesSequentially(TestNG.java:1208)
at org.testng.TestNG.runSuitesLocally(TestNG.java:1137)
at org.testng.TestNG.runSuites(TestNG.java:1049)
at org.testng.TestNG.run(TestNG.java:1017)
at org.testng.remote.AbstractRemoteTestNG.run(AbstractRemoteTestNG.java:114)
at org.testng.remote.RemoteTestNG.initAndRun(RemoteTestNG.java:251)
at org.testng.remote.RemoteTestNG.main(RemoteTestNG.java:77)
]]>
    </failure>
  </testcase> <!-- intercomEvents -->
</testsuite> <!-- Testcase.MP_QPreSignUp2Publish -->
