<?xml version="1.0" encoding="UTF-8"?>
<!-- Generated by org.testng.reporters.JUnitReportReporter -->
<testsuite hostname="DESKTOP-C34UQS0" failures="0" tests="11" name="Testcase.MP_StaticTemplatePre2Share" time="31.907" errors="1" timestamp="07 Sep 2018 19:31:56 GMT" skipped="10">
  <testcase classname="Testcase.MP_StaticTemplatePre2Share" name="verifyEventsGenerated" time="0.000">
    <skipped/>
  </testcase> <!-- verifyEventsGenerated -->
  <testcase classname="Testcase.MP_StaticTemplatePre2Share" name="beforeClass" time="31.907">
    <error message="Expected condition failed: waiting for visibility of element located by By.id: onboarding-option-enterprise (tried for 10 second(s) with 500 MILLISECONDS interval)" type="org.openqa.selenium.TimeoutException">
      <![CDATA[org.openqa.selenium.TimeoutException: Expected condition failed: waiting for visibility of element located by By.id: onboarding-option-enterprise (tried for 10 second(s) with 500 MILLISECONDS interval)
at org.openqa.selenium.support.ui.WebDriverWait.timeoutException(WebDriverWait.java:80)
at org.openqa.selenium.support.ui.FluentWait.until(FluentWait.java:232)
at Utility.Utils.waitUntilElementIsVisible(Utils.java:123)
at Object.O_Onboarding.completeOnboarding(O_Onboarding.java:54)
at Testcase.MP_StaticTemplatePre2Share.beforeClass(MP_StaticTemplatePre2Share.java:50)
at java.base/jdk.internal.reflect.NativeMethodAccessorImpl.invoke0(Native Method)
at java.base/jdk.internal.reflect.NativeMethodAccessorImpl.invoke(Unknown Source)
at java.base/jdk.internal.reflect.DelegatingMethodAccessorImpl.invoke(Unknown Source)
at java.base/java.lang.reflect.Method.invoke(Unknown Source)
at org.testng.internal.MethodInvocationHelper.invokeMethod(MethodInvocationHelper.java:124)
at org.testng.internal.MethodInvocationHelper.invokeMethodConsideringTimeout(MethodInvocationHelper.java:59)
at org.testng.internal.Invoker.invokeConfigurationMethod(Invoker.java:455)
at org.testng.internal.Invoker.invokeConfigurations(Invoker.java:222)
at org.testng.internal.Invoker.invokeConfigurations(Invoker.java:142)
at org.testng.internal.TestMethodWorker.invokeBeforeClassMethods(TestMethodWorker.java:168)
at org.testng.internal.TestMethodWorker.run(TestMethodWorker.java:105)
at org.testng.TestRunner.privateRun(TestRunner.java:648)
at org.testng.TestRunner.run(TestRunner.java:505)
at org.testng.SuiteRunner.runTest(SuiteRunner.java:455)
at org.testng.SuiteRunner.access$000(SuiteRunner.java:40)
at org.testng.SuiteRunner$SuiteWorker.run(SuiteRunner.java:489)
at org.testng.internal.thread.ThreadUtil$1.call(ThreadUtil.java:52)
at java.base/java.util.concurrent.FutureTask.run(Unknown Source)
at java.base/java.util.concurrent.ThreadPoolExecutor.runWorker(Unknown Source)
at java.base/java.util.concurrent.ThreadPoolExecutor$Worker.run(Unknown Source)
at java.base/java.lang.Thread.run(Unknown Source)
Caused by: org.openqa.selenium.NoSuchElementException: Cannot locate an element using By.id: onboarding-option-enterprise
For documentation on this error, please visit: http://seleniumhq.org/exceptions/no_such_element.html
Build info: version: 'unknown', revision: 'unknown', time: 'unknown'
System info: host: 'DESKTOP-C34UQS0', ip: '192.168.0.30', os.name: 'Windows 10', os.arch: 'amd64', os.version: '10.0', java.version: '10.0.1'
Driver info: driver.version: unknown
at org.openqa.selenium.support.ui.ExpectedConditions.lambda$findElement$0(ExpectedConditions.java:883)
at java.base/java.util.Optional.orElseThrow(Unknown Source)
at org.openqa.selenium.support.ui.ExpectedConditions.findElement(ExpectedConditions.java:882)
at org.openqa.selenium.support.ui.ExpectedConditions.access$000(ExpectedConditions.java:44)
at org.openqa.selenium.support.ui.ExpectedConditions$7.apply(ExpectedConditions.java:206)
at org.openqa.selenium.support.ui.ExpectedConditions$7.apply(ExpectedConditions.java:202)
at org.openqa.selenium.support.ui.FluentWait.until(FluentWait.java:209)
... 24 more
]]>
    </error>
  </testcase> <!-- beforeClass -->
  <testcase classname="Testcase.MP_StaticTemplatePre2Share" name="e_LoadStaticTemplatesPage" time="0.000">
    <skipped/>
  </testcase> <!-- e_LoadStaticTemplatesPage -->
  <testcase classname="Testcase.MP_StaticTemplatePre2Share" name="e_ClickNavigation" time="0.000">
    <skipped/>
  </testcase> <!-- e_ClickNavigation -->
  <testcase classname="Testcase.MP_StaticTemplatePre2Share" name="e_ClickSignUpFromTemplates" time="0.000">
    <skipped/>
  </testcase> <!-- e_ClickSignUpFromTemplates -->
  <testcase classname="Testcase.MP_StaticTemplatePre2Share" name="e_OnbSurveyAnwser" time="0.000">
    <skipped/>
  </testcase> <!-- e_OnbSurveyAnwser -->
  <testcase classname="Testcase.MP_StaticTemplatePre2Share" name="e_FinishOnbSurvey" time="0.000">
    <skipped/>
  </testcase> <!-- e_FinishOnbSurvey -->
  <testcase classname="Testcase.MP_StaticTemplatePre2Share" name="e_ClickOnupgrade" time="0.000">
    <skipped/>
  </testcase> <!-- e_ClickOnupgrade -->
  <testcase classname="Testcase.MP_StaticTemplatePre2Share" name="e_ClickOnCreateFromTemplates" time="0.000">
    <skipped/>
  </testcase> <!-- e_ClickOnCreateFromTemplates -->
  <testcase classname="Testcase.MP_StaticTemplatePre2Share" name="e_FinishEditorTourGuide" time="0.000">
    <skipped/>
  </testcase> <!-- e_FinishEditorTourGuide -->
  <testcase classname="Testcase.MP_StaticTemplatePre2Share" name="e_Share" time="0.000">
    <skipped/>
  </testcase> <!-- e_Share -->
</testsuite> <!-- Testcase.MP_StaticTemplatePre2Share -->
