<?xml version="1.0" encoding="UTF-8"?>
<!-- Generated by org.testng.reporters.JUnitReportReporter -->
<testsuite hostname="DESKTOP-C34UQS0" failures="0" tests="13" name="Testcase.Free2UpgradeFromMyBrand" time="37.546" errors="1" timestamp="09 Oct 2018 00:05:50 GMT" skipped="0">
  <testcase classname="Testcase.Free2UpgradeFromMyBrand" name="eventNames" time="37.007"/>
  <testcase classname="Testcase.Free2UpgradeFromMyBrand" name="e_onbSurveyAnwser" time="0.038"/>
  <testcase classname="Testcase.Free2UpgradeFromMyBrand" name="e_FinishOnbSurvey" time="0.001"/>
  <testcase classname="Testcase.Free2UpgradeFromMyBrand" name="e_NewBuzFeature" time="0.001"/>
  <testcase classname="Testcase.Free2UpgradeFromMyBrand" name="e_BrandOnbModal" time="0.001"/>
  <testcase classname="Testcase.Free2UpgradeFromMyBrand" name="e_EditNameInBrandKit" time="0.001"/>
  <testcase classname="Testcase.Free2UpgradeFromMyBrand" name="e_AddColorInBrandKit" time="0.002"/>
  <testcase classname="Testcase.Free2UpgradeFromMyBrand" name="e_ClickOnAddColorPalette" time="0.001"/>
  <testcase classname="Testcase.Free2UpgradeFromMyBrand" name="e_ClickOnRequestFont" time="0.002">
    <error message="JSONObject[&quot;Font Languague&quot;] not found." type="org.json.JSONException">
      <![CDATA[org.json.JSONException: JSONObject["Font Languague"] not found.
at org.json.JSONObject.get(JSONObject.java:454)
at Function.F_Mixpanel_API.verifyEventProperties(F_Mixpanel_API.java:182)
at Testcase.Free2UpgradeFromMyBrand.e_ClickOnRequestFont(Free2UpgradeFromMyBrand.java:207)
at java.base/jdk.internal.reflect.NativeMethodAccessorImpl.invoke0(Native Method)
at java.base/jdk.internal.reflect.NativeMethodAccessorImpl.invoke(Unknown Source)
at java.base/jdk.internal.reflect.DelegatingMethodAccessorImpl.invoke(Unknown Source)
at java.base/java.lang.reflect.Method.invoke(Unknown Source)
at org.testng.internal.MethodInvocationHelper.invokeMethod(MethodInvocationHelper.java:124)
at org.testng.internal.Invoker.invokeMethod(Invoker.java:580)
at org.testng.internal.Invoker.invokeTestMethod(Invoker.java:716)
at org.testng.internal.Invoker.invokeTestMethods(Invoker.java:988)
at org.testng.internal.TestMethodWorker.invokeTestMethods(TestMethodWorker.java:125)
at org.testng.internal.TestMethodWorker.run(TestMethodWorker.java:109)
at org.testng.TestRunner.privateRun(TestRunner.java:648)
at org.testng.TestRunner.run(TestRunner.java:505)
at org.testng.SuiteRunner.runTest(SuiteRunner.java:455)
at org.testng.SuiteRunner.runSequentially(SuiteRunner.java:450)
at org.testng.SuiteRunner.privateRun(SuiteRunner.java:415)
at org.testng.SuiteRunner.run(SuiteRunner.java:364)
at org.testng.SuiteRunnerWorker.runSuite(SuiteRunnerWorker.java:52)
at org.testng.SuiteRunnerWorker.run(SuiteRunnerWorker.java:84)
at org.testng.TestNG.runSuitesSequentially(TestNG.java:1208)
at org.testng.TestNG.runSuitesLocally(TestNG.java:1137)
at org.testng.TestNG.runSuites(TestNG.java:1049)
at org.testng.TestNG.run(TestNG.java:1017)
at org.testng.remote.AbstractRemoteTestNG.run(AbstractRemoteTestNG.java:114)
at org.testng.remote.RemoteTestNG.initAndRun(RemoteTestNG.java:251)
at org.testng.remote.RemoteTestNG.main(RemoteTestNG.java:77)
]]>
    </error>
  </testcase> <!-- e_ClickOnRequestFont -->
  <testcase classname="Testcase.Free2UpgradeFromMyBrand" name="e_CreateFromBrandedTemplates" time="0.001"/>
  <testcase classname="Testcase.Free2UpgradeFromMyBrand" name="e_FinishEditorTourGuide" time="0.001"/>
  <testcase classname="Testcase.Free2UpgradeFromMyBrand" name="e_Download" time="0.002"/>
  <testcase classname="Testcase.Free2UpgradeFromMyBrand" name="intercomEvents" time="0.488"/>
</testsuite> <!-- Testcase.Free2UpgradeFromMyBrand -->
