<?xml version="1.0" encoding="UTF-8"?>
<!-- Generated by org.testng.reporters.JUnitReportReporter -->
<testsuite hostname="DESKTOP-C34UQS0" failures="0" tests="11" name="Testcase.MP_YBuzSignUp2PDFDownload" time="57.668" errors="1" timestamp="21 Sep 2018 20:40:09 GMT" skipped="10">
  <testcase classname="Testcase.MP_YBuzSignUp2PDFDownload" name="beforeClass" time="57.668">
    <error message="Expected condition failed: waiting for visibility of element located by By.xpath: //div[@class=&#039;Cancellation__cancelOption--2QisI&#039;] (tried for 10 second(s) with 500 MILLISECONDS interval)" type="org.openqa.selenium.TimeoutException">
      <![CDATA[org.openqa.selenium.TimeoutException: Expected condition failed: waiting for visibility of element located by By.xpath: //div[@class='Cancellation__cancelOption--2QisI'] (tried for 10 second(s) with 500 MILLISECONDS interval)
at org.openqa.selenium.support.ui.WebDriverWait.timeoutException(WebDriverWait.java:80)
at org.openqa.selenium.support.ui.FluentWait.until(FluentWait.java:232)
at Utility.Utils.waitUntilElementIsVisible(Utils.java:128)
at Utility.Utils.clickElement(Utils.java:98)
at Function.F_MyAccount.cancelSubscription(F_MyAccount.java:287)
at Testcase.MP_YBuzSignUp2PDFDownload.beforeClass(MP_YBuzSignUp2PDFDownload.java:66)
at java.base/jdk.internal.reflect.NativeMethodAccessorImpl.invoke0(Native Method)
at java.base/jdk.internal.reflect.NativeMethodAccessorImpl.invoke(Unknown Source)
at java.base/jdk.internal.reflect.DelegatingMethodAccessorImpl.invoke(Unknown Source)
at java.base/java.lang.reflect.Method.invoke(Unknown Source)
at org.testng.internal.MethodInvocationHelper.invokeMethod(MethodInvocationHelper.java:124)
at org.testng.internal.MethodInvocationHelper.invokeMethodConsideringTimeout(MethodInvocationHelper.java:59)
at org.testng.internal.Invoker.invokeConfigurationMethod(Invoker.java:455)
at org.testng.internal.Invoker.invokeConfigurations(Invoker.java:222)
at org.testng.internal.Invoker.invokeConfigurations(Invoker.java:142)
at org.testng.internal.TestMethodWorker.invokeBeforeClassMethods(TestMethodWorker.java:168)
at org.testng.internal.TestMethodWorker.run(TestMethodWorker.java:105)
at org.testng.TestRunner.privateRun(TestRunner.java:648)
at org.testng.TestRunner.run(TestRunner.java:505)
at org.testng.SuiteRunner.runTest(SuiteRunner.java:455)
at org.testng.SuiteRunner.runSequentially(SuiteRunner.java:450)
at org.testng.SuiteRunner.privateRun(SuiteRunner.java:415)
at org.testng.SuiteRunner.run(SuiteRunner.java:364)
at org.testng.SuiteRunnerWorker.runSuite(SuiteRunnerWorker.java:52)
at org.testng.SuiteRunnerWorker.run(SuiteRunnerWorker.java:84)
at org.testng.TestNG.runSuitesSequentially(TestNG.java:1208)
at org.testng.TestNG.runSuitesLocally(TestNG.java:1137)
at org.testng.TestNG.runSuites(TestNG.java:1049)
at org.testng.TestNG.run(TestNG.java:1017)
at org.testng.remote.AbstractRemoteTestNG.run(AbstractRemoteTestNG.java:114)
at org.testng.remote.RemoteTestNG.initAndRun(RemoteTestNG.java:251)
at org.testng.remote.RemoteTestNG.main(RemoteTestNG.java:77)
Caused by: org.openqa.selenium.NoSuchElementException: Cannot locate an element using By.xpath: //div[@class='Cancellation__cancelOption--2QisI']
For documentation on this error, please visit: http://seleniumhq.org/exceptions/no_such_element.html
Build info: version: 'unknown', revision: 'unknown', time: 'unknown'
System info: host: 'DESKTOP-C34UQS0', ip: '192.168.56.1', os.name: 'Windows 10', os.arch: 'amd64', os.version: '10.0', java.version: '10.0.1'
Driver info: driver.version: unknown
at org.openqa.selenium.support.ui.ExpectedConditions.lambda$findElement$0(ExpectedConditions.java:883)
at java.base/java.util.Optional.orElseThrow(Unknown Source)
at org.openqa.selenium.support.ui.ExpectedConditions.findElement(ExpectedConditions.java:882)
at org.openqa.selenium.support.ui.ExpectedConditions.access$000(ExpectedConditions.java:44)
at org.openqa.selenium.support.ui.ExpectedConditions$7.apply(ExpectedConditions.java:206)
at org.openqa.selenium.support.ui.ExpectedConditions$7.apply(ExpectedConditions.java:202)
at org.openqa.selenium.support.ui.FluentWait.until(FluentWait.java:209)
... 30 more
]]>
    </error>
  </testcase> <!-- beforeClass -->
  <testcase classname="Testcase.MP_YBuzSignUp2PDFDownload" name="verifyEventsGenerated" time="0.000">
    <skipped/>
  </testcase> <!-- verifyEventsGenerated -->
  <testcase classname="Testcase.MP_YBuzSignUp2PDFDownload" name="e_BrandOnbModal" time="0.000">
    <skipped/>
  </testcase> <!-- e_BrandOnbModal -->
  <testcase classname="Testcase.MP_YBuzSignUp2PDFDownload" name="e_OnbSurveyAnwser" time="0.000">
    <skipped/>
  </testcase> <!-- e_OnbSurveyAnwser -->
  <testcase classname="Testcase.MP_YBuzSignUp2PDFDownload" name="e_FinishOnbSurvey" time="0.000">
    <skipped/>
  </testcase> <!-- e_FinishOnbSurvey -->
  <testcase classname="Testcase.MP_YBuzSignUp2PDFDownload" name="e_ClickOnbStyleAnwser" time="0.000">
    <skipped/>
  </testcase> <!-- e_ClickOnbStyleAnwser -->
  <testcase classname="Testcase.MP_YBuzSignUp2PDFDownload" name="e_ClickOnCreateFromTemplate" time="0.000">
    <skipped/>
  </testcase> <!-- e_ClickOnCreateFromTemplate -->
  <testcase classname="Testcase.MP_YBuzSignUp2PDFDownload" name="e_FinishEditorTourGuide" time="0.000">
    <skipped/>
  </testcase> <!-- e_FinishEditorTourGuide -->
  <testcase classname="Testcase.MP_YBuzSignUp2PDFDownload" name="e_Download" time="0.000">
    <skipped/>
  </testcase> <!-- e_Download -->
  <testcase classname="Testcase.MP_YBuzSignUp2PDFDownload" name="e_ClickCancelSubscription" time="0.000">
    <skipped/>
  </testcase> <!-- e_ClickCancelSubscription -->
  <testcase classname="Testcase.MP_YBuzSignUp2PDFDownload" name="intercomEvents" time="0.000">
    <skipped/>
  </testcase> <!-- intercomEvents -->
</testsuite> <!-- Testcase.MP_YBuzSignUp2PDFDownload -->
