<?xml version="1.0" encoding="UTF-8"?>
<!-- Generated by org.testng.reporters.JUnitXMLReporter -->
<testsuite ignored="1" hostname="DESKTOP-C34UQS0" failures="1" tests="64" name="Mixpanel" time="1331.061" errors="0" timestamp="07 Sep 2018 19:31:55 GMT">
  <testcase classname="Testcase.MP_StaticTemplateFree2Publish" name="@BeforeClass beforeClass" time="31.211">
    <failure type="org.openqa.selenium.TimeoutException" message="Expected condition failed: waiting for visibility of element located by By.xpath: //div[@id=&amp;apos;onboarding-option-other&amp;apos;][1] (tried for 10 second(s) with 500 MILLISECONDS interval)">
      <![CDATA[org.openqa.selenium.TimeoutException: Expected condition failed: waiting for visibility of element located by By.xpath: //div[@id='onboarding-option-other'][1] (tried for 10 second(s) with 500 MILLISECONDS interval)
at org.openqa.selenium.support.ui.WebDriverWait.timeoutException(WebDriverWait.java:80)
at org.openqa.selenium.support.ui.FluentWait.until(FluentWait.java:232)
at Utility.Utils.waitUntilElementIsVisible(Utils.java:123)
at Object.O_Onboarding.completeOnboarding(O_Onboarding.java:54)
at Testcase.MP_StaticTemplateFree2Publish.beforeClass(MP_StaticTemplateFree2Publish.java:46)
at java.base/java.util.concurrent.FutureTask.run(Unknown Source)
at java.base/java.util.concurrent.ThreadPoolExecutor.runWorker(Unknown Source)
at java.base/java.util.concurrent.ThreadPoolExecutor$Worker.run(Unknown Source)
at java.base/java.lang.Thread.run(Unknown Source)
Caused by: org.openqa.selenium.NoSuchElementException: Cannot locate an element using By.xpath: //div[@id='onboarding-option-other'][1]
For documentation on this error, please visit: http://seleniumhq.org/exceptions/no_such_element.html
Build info: version: 'unknown', revision: 'unknown', time: 'unknown'
System info: host: 'DESKTOP-C34UQS0', ip: '192.168.0.30', os.name: 'Windows 10', os.arch: 'amd64', os.version: '10.0', java.version: '10.0.1'
Driver info: driver.version: unknown
at org.openqa.selenium.support.ui.ExpectedConditions.lambda$findElement$0(ExpectedConditions.java:883)
at java.base/java.util.Optional.orElseThrow(Unknown Source)
at org.openqa.selenium.support.ui.ExpectedConditions.findElement(ExpectedConditions.java:882)
at org.openqa.selenium.support.ui.ExpectedConditions.access$000(ExpectedConditions.java:44)
at org.openqa.selenium.support.ui.ExpectedConditions$7.apply(ExpectedConditions.java:206)
at org.openqa.selenium.support.ui.ExpectedConditions$7.apply(ExpectedConditions.java:202)
at org.openqa.selenium.support.ui.FluentWait.until(FluentWait.java:209)
... 24 more
... Removed 17 stack frames]]>
    </failure>
  </testcase> <!-- @BeforeClass beforeClass -->
  <testcase classname="Testcase.MP_StaticTemplatePre2Share" name="@BeforeClass beforeClass" time="31.907">
    <failure type="org.openqa.selenium.TimeoutException" message="Expected condition failed: waiting for visibility of element located by By.id: onboarding-option-enterprise (tried for 10 second(s) with 500 MILLISECONDS interval)">
      <![CDATA[org.openqa.selenium.TimeoutException: Expected condition failed: waiting for visibility of element located by By.id: onboarding-option-enterprise (tried for 10 second(s) with 500 MILLISECONDS interval)
at org.openqa.selenium.support.ui.WebDriverWait.timeoutException(WebDriverWait.java:80)
at org.openqa.selenium.support.ui.FluentWait.until(FluentWait.java:232)
at Utility.Utils.waitUntilElementIsVisible(Utils.java:123)
at Object.O_Onboarding.completeOnboarding(O_Onboarding.java:54)
at Testcase.MP_StaticTemplatePre2Share.beforeClass(MP_StaticTemplatePre2Share.java:50)
at java.base/java.util.concurrent.FutureTask.run(Unknown Source)
at java.base/java.util.concurrent.ThreadPoolExecutor.runWorker(Unknown Source)
at java.base/java.util.concurrent.ThreadPoolExecutor$Worker.run(Unknown Source)
at java.base/java.lang.Thread.run(Unknown Source)
Caused by: org.openqa.selenium.NoSuchElementException: Cannot locate an element using By.id: onboarding-option-enterprise
For documentation on this error, please visit: http://seleniumhq.org/exceptions/no_such_element.html
Build info: version: 'unknown', revision: 'unknown', time: 'unknown'
System info: host: 'DESKTOP-C34UQS0', ip: '192.168.0.30', os.name: 'Windows 10', os.arch: 'amd64', os.version: '10.0', java.version: '10.0.1'
Driver info: driver.version: unknown
at org.openqa.selenium.support.ui.ExpectedConditions.lambda$findElement$0(ExpectedConditions.java:883)
at java.base/java.util.Optional.orElseThrow(Unknown Source)
at org.openqa.selenium.support.ui.ExpectedConditions.findElement(ExpectedConditions.java:882)
at org.openqa.selenium.support.ui.ExpectedConditions.access$000(ExpectedConditions.java:44)
at org.openqa.selenium.support.ui.ExpectedConditions$7.apply(ExpectedConditions.java:206)
at org.openqa.selenium.support.ui.ExpectedConditions$7.apply(ExpectedConditions.java:202)
at org.openqa.selenium.support.ui.FluentWait.until(FluentWait.java:209)
... 24 more
... Removed 17 stack frames]]>
    </failure>
  </testcase> <!-- @BeforeClass beforeClass -->
  <testcase classname="Testcase.MP_QPreSignUp2Publish" name="@BeforeMethod beforeMethod" time="26.088">
    <failure type="org.openqa.selenium.WebDriverException" message="unknown error: Element &amp;lt;div id=&amp;quot;cat-...&amp;quot; class=&amp;quot;styles__title___P-b-I styles__noSub___2Cppd&amp;quot;&amp;gt;layouts&amp;lt;/div&amp;gt; is not clickable at point (131, 300). Other element would receive the click: &amp;lt;div role=&amp;quot;dialog&amp;quot; tabindex=&amp;quot;-1&amp;quot; class=&amp;quot;fade modal&amp;quot; style=&amp;quot;display: block;&amp;quot;&amp;gt;...&amp;lt;/div&amp;gt;
  (Session info: chrome=68.0.3440.106)
  (Driver info: chromedriver=2.38.552522 (437e6fbedfa8762dec75e2c5b3ddb86763dc9dcb),platform=Windows NT 10.0.17134 x86_64) (WARNING: The server did not provide any stacktrace information)
Command duration or timeout: 0 milliseconds
Build info: version: &amp;apos;unknown&amp;apos;, revision: &amp;apos;unknown&amp;apos;, time: &amp;apos;unknown&amp;apos;
System info: host: &amp;apos;DESKTOP-C34UQS0&amp;apos;, ip: &amp;apos;192.168.0.30&amp;apos;, os.name: &amp;apos;Windows 10&amp;apos;, os.arch: &amp;apos;amd64&amp;apos;, os.version: &amp;apos;10.0&amp;apos;, java.version: &amp;apos;10.0.1&amp;apos;
Driver info: org.openqa.selenium.chrome.ChromeDriver
Capabilities [{mobileEmulationEnabled=false, hasTouchScreen=false, platform=XP, acceptSslCerts=false, acceptInsecureCerts=false, webStorageEnabled=true, browserName=chrome, takesScreenshot=true, javascriptEnabled=true, setWindowRect=true, unexpectedAlertBehaviour=, applicationCacheEnabled=false, rotatable=false, networkConnectionEnabled=false, chrome={chromedriverVersion=2.38.552522 (437e6fbedfa8762dec75e2c5b3ddb86763dc9dcb), userDataDir=C:\Users\John\AppData\Local\Temp\scoped_dir18280_22359}, takesHeapSnapshot=true, pageLoadStrategy=normal, unhandledPromptBehavior=, databaseEnabled=false, handlesAlerts=true, version=68.0.3440.106, browserConnectionEnabled=false, nativeEvents=true, locationContextEnabled=true, cssSelectorsEnabled=true}]
Session ID: 061fa7cda8d078bdbf95b36830c8fe35">
      <![CDATA[org.openqa.selenium.WebDriverException: unknown error: Element <div id="cat-..." class="styles__title___P-b-I styles__noSub___2Cppd">layouts</div> is not clickable at point (131, 300). Other element would receive the click: <div role="dialog" tabindex="-1" class="fade modal" style="display: block;">...</div>
  (Session info: chrome=68.0.3440.106)
  (Driver info: chromedriver=2.38.552522 (437e6fbedfa8762dec75e2c5b3ddb86763dc9dcb),platform=Windows NT 10.0.17134 x86_64) (WARNING: The server did not provide any stacktrace information)
Command duration or timeout: 0 milliseconds
Build info: version: 'unknown', revision: 'unknown', time: 'unknown'
System info: host: 'DESKTOP-C34UQS0', ip: '192.168.0.30', os.name: 'Windows 10', os.arch: 'amd64', os.version: '10.0', java.version: '10.0.1'
Driver info: org.openqa.selenium.chrome.ChromeDriver
Capabilities [{mobileEmulationEnabled=false, hasTouchScreen=false, platform=XP, acceptSslCerts=false, acceptInsecureCerts=false, webStorageEnabled=true, browserName=chrome, takesScreenshot=true, javascriptEnabled=true, setWindowRect=true, unexpectedAlertBehaviour=, applicationCacheEnabled=false, rotatable=false, networkConnectionEnabled=false, chrome={chromedriverVersion=2.38.552522 (437e6fbedfa8762dec75e2c5b3ddb86763dc9dcb), userDataDir=C:\Users\John\AppData\Local\Temp\scoped_dir18280_22359}, takesHeapSnapshot=true, pageLoadStrategy=normal, unhandledPromptBehavior=, databaseEnabled=false, handlesAlerts=true, version=68.0.3440.106, browserConnectionEnabled=false, nativeEvents=true, locationContextEnabled=true, cssSelectorsEnabled=true}]
Session ID: 061fa7cda8d078bdbf95b36830c8fe35
at org.openqa.selenium.remote.ErrorHandler.createThrowable(ErrorHandler.java:215)
at org.openqa.selenium.remote.ErrorHandler.throwIfResponseFailed(ErrorHandler.java:167)
at org.openqa.selenium.remote.http.JsonHttpResponseCodec.reconstructValue(JsonHttpResponseCodec.java:40)
at org.openqa.selenium.remote.http.AbstractHttpResponseCodec.decode(AbstractHttpResponseCodec.java:82)
at org.openqa.selenium.remote.http.AbstractHttpResponseCodec.decode(AbstractHttpResponseCodec.java:45)
at org.openqa.selenium.remote.HttpCommandExecutor.execute(HttpCommandExecutor.java:164)
at org.openqa.selenium.remote.service.DriverCommandExecutor.execute(DriverCommandExecutor.java:82)
at org.openqa.selenium.remote.RemoteWebDriver.execute(RemoteWebDriver.java:641)
at org.openqa.selenium.remote.RemoteWebElement.execute(RemoteWebElement.java:275)
at org.openqa.selenium.remote.RemoteWebElement.click(RemoteWebElement.java:82)
at Utility.Utils.clickElement(Utils.java:94)
at Function.F_TemplatePage.selecteTemplateCatetory(F_TemplatePage.java:20)
at Testcase.MP_QPreSignUp2Publish.beforeMethod(MP_QPreSignUp2Publish.java:45)
at java.base/java.util.concurrent.FutureTask.run(Unknown Source)
at java.base/java.util.concurrent.ThreadPoolExecutor.runWorker(Unknown Source)
at java.base/java.util.concurrent.ThreadPoolExecutor$Worker.run(Unknown Source)
at java.base/java.lang.Thread.run(Unknown Source)
... Removed 23 stack frames]]>
    </failure>
  </testcase> <!-- @BeforeMethod beforeMethod -->
  <testcase classname="Testcase.MP_QPreSignUp2Publish" name="@AfterMethod afterMethod" time="0.0">
    <skipped/>
  </testcase> <!-- @AfterMethod afterMethod -->
  <testcase classname="Testcase.MP_StaticTemplateFree2Publish" name="@AfterClass afterClass" time="0.0">
    <skipped/>
  </testcase> <!-- @AfterClass afterClass -->
  <testcase classname="Testcase.MP_StaticTemplatePre2Share" name="@AfterClass afterClass" time="0.0">
    <skipped/>
  </testcase> <!-- @AfterClass afterClass -->
  <testcase classname="Testcase.MP_BuzSignUp2Publish" name="e_EventNames" time="136.191"/>
  <testcase classname="Testcase.MP_FreeSignUp2Publish" name="verifyEventsGenerated" time="115.87"/>
  <testcase classname="Testcase.MP_MEduSignUp2ShareByEmail" name="verifyEventsGenerated" time="108.659"/>
  <testcase classname="Testcase.MP_MPreSignUp2PNGDownload" name="verifyEventsGenerated" time="110.306"/>
  <testcase classname="Testcase.MP_QBuzSignUp2PNGHDDownload" name="verifyEventsGenerated" time="69.717"/>
  <testcase classname="Testcase.MP_YBuzSignUp2PDFDownload" name="verifyEventsGenerated" time="83.596"/>
  <testcase classname="Testcase.MP_YPreSignUp2ShareByLink" name="verifyEventsGenerated" time="88.767"/>
  <testcase classname="Testcase.MP_StaticTemplateFree2Publish" name="verifyEventsGenerated" time="0.0">
    <skipped/>
  </testcase> <!-- verifyEventsGenerated -->
  <testcase classname="Testcase.MP_StaticTemplatePre2Share" name="verifyEventsGenerated" time="0.0">
    <skipped/>
  </testcase> <!-- verifyEventsGenerated -->
  <testcase classname="Testcase.MP_StaticTemplateBuz2Download" name="verifyEventsGenerated" time="98.107"/>
  <testcase classname="Testcase.MP_BuzSignUp2Publish" name="e_VisitHomepage" time="0.003"/>
  <testcase classname="Testcase.MP_FreeSignUp2Publish" name="e_onbSurveyAnwser" time="0.002"/>
  <testcase classname="Testcase.MP_MBuzSignUp2I_PDFDownload" name="verifyEventsGenerated_Owner" time="0.642"/>
  <testcase classname="Testcase.MP_MPreSignUp2PNGDownload" name="e_ClickOnbSurveyAnwser" time="0.003"/>
  <testcase classname="Testcase.MP_QPreSignUp2Publish" name="verifyEventsGenerated" time="0.0">
    <skipped/>
  </testcase> <!-- verifyEventsGenerated -->
  <testcase classname="Testcase.MP_YEduSignUp2ShareToTeam" name="verifyEventsGenerated_Owner" time="0.565"/>
  <testcase classname="Testcase.MP_StaticTemplateFree2Publish" name="e_LoadStaticTemplatesPage" time="0.0">
    <skipped/>
  </testcase> <!-- e_LoadStaticTemplatesPage -->
  <testcase classname="Testcase.MP_StaticTemplatePre2Share" name="e_LoadStaticTemplatesPage" time="0.0">
    <skipped/>
  </testcase> <!-- e_LoadStaticTemplatesPage -->
  <testcase classname="Testcase.MP_StaticTemplateBuz2Download" name="e_LoadStaticTemplatesPage" time="0.001"/>
  <testcase classname="Testcase.MP_BuzSignUp2Publish" name="e_Register" time="0.001"/>
  <testcase classname="Testcase.MP_FreeSignUp2Publish" name="e_FinishOnbSurvey" time="0.001"/>
  <testcase classname="Testcase.MP_MBuzSignUp2I_PDFDownload" name="verifyEventsGenerated_Member" time="1.527"/>
  <testcase classname="Testcase.MP_MPreSignUp2PNGDownload" name="e_FinishOnbSurvey" time="0.002"/>
  <testcase classname="Testcase.MP_YEduSignUp2ShareToTeam" name="verifyEventsGenerated_Member" time="0.515"/>
  <testcase classname="Testcase.MP_StaticTemplateFree2Publish" name="e_ClickNavigation" time="0.0">
    <skipped/>
  </testcase> <!-- e_ClickNavigation -->
  <testcase classname="Testcase.MP_StaticTemplatePre2Share" name="e_ClickNavigation" time="0.0">
    <skipped/>
  </testcase> <!-- e_ClickNavigation -->
  <testcase classname="Testcase.MP_StaticTemplateBuz2Download" name="e_ClickNavigation" time="0.001"/>
  <testcase classname="Testcase.MP_BuzSignUp2Publish" name="e_UpgradeBusinessModal" time="0.001"/>
  <testcase classname="Testcase.MP_FreeSignUp2Publish" name="e_ClickNavigation" time="0.001"/>
  <testcase classname="Testcase.MP_MPreSignUp2PNGDownload" name="e_Download" time="0.001"/>
  <testcase classname="Testcase.MP_StaticTemplateFree2Publish" name="e_ClickSignUpFromTemplates" time="0.0">
    <skipped/>
  </testcase> <!-- e_ClickSignUpFromTemplates -->
  <testcase classname="Testcase.MP_StaticTemplatePre2Share" name="e_ClickSignUpFromTemplates" time="0.0">
    <skipped/>
  </testcase> <!-- e_ClickSignUpFromTemplates -->
  <testcase classname="Testcase.MP_StaticTemplateBuz2Download" name="e_ClickSignUpFromTemplates" time="0.001"/>
  <testcase classname="Testcase.MP_BuzSignUp2Publish" name="e_UpgradeBusiness" time="0.001"/>
  <testcase classname="Testcase.MP_FreeSignUp2Publish" name="e_ClickOnCreateFromBlank" time="0.001"/>
  <testcase classname="Testcase.MP_StaticTemplateFree2Publish" name="e_OnbSurveyAnwser" time="0.0">
    <skipped/>
  </testcase> <!-- e_OnbSurveyAnwser -->
  <testcase classname="Testcase.MP_StaticTemplatePre2Share" name="e_OnbSurveyAnwser" time="0.0">
    <skipped/>
  </testcase> <!-- e_OnbSurveyAnwser -->
  <testcase classname="Testcase.MP_StaticTemplateBuz2Download" name="e_OnbSurveyAnwser" time="0.001"/>
  <testcase classname="Testcase.MP_BuzSignUp2Publish" name="e_BrandOnbModal" time="0.001"/>
  <testcase classname="Testcase.MP_FreeSignUp2Publish" name="e_FinishEditorTourGuide" time="0.001"/>
  <testcase classname="Testcase.MP_StaticTemplateFree2Publish" name="e_FinishOnbSurvey" time="0.0">
    <skipped/>
  </testcase> <!-- e_FinishOnbSurvey -->
  <testcase classname="Testcase.MP_StaticTemplatePre2Share" name="e_FinishOnbSurvey" time="0.0">
    <skipped/>
  </testcase> <!-- e_FinishOnbSurvey -->
  <testcase classname="Testcase.MP_StaticTemplateBuz2Download" name="e_FinishOnbSurvey" time="0.0"/>
  <testcase classname="Testcase.MP_BuzSignUp2Publish" name="e_LoadOnbSurvey" time="0.0"/>
  <testcase classname="Testcase.MP_StaticTemplateFree2Publish" name="e_ClickOnCreateFromTemplates" time="0.0">
    <skipped/>
  </testcase> <!-- e_ClickOnCreateFromTemplates -->
  <testcase classname="Testcase.MP_StaticTemplatePre2Share" name="e_ClickOnupgrade" time="0.0">
    <skipped/>
  </testcase> <!-- e_ClickOnupgrade -->
  <testcase classname="Testcase.MP_StaticTemplateBuz2Download" name="e_ClickOnBusinessUpgrade" time="0.001"/>
  <testcase classname="Testcase.MP_BuzSignUp2Publish" name="e_FinishOnbSurvey" time="0.001"/>
  <testcase classname="Testcase.MP_StaticTemplateFree2Publish" name="e_FinishEditorTourGuide" time="0.0">
    <skipped/>
  </testcase> <!-- e_FinishEditorTourGuide -->
  <testcase classname="Testcase.MP_StaticTemplatePre2Share" name="e_ClickOnCreateFromTemplates" time="0.0">
    <skipped/>
  </testcase> <!-- e_ClickOnCreateFromTemplates -->
  <testcase classname="Testcase.MP_StaticTemplateBuz2Download" name="e_BrandOnbModal" time="0.001"/>
  <testcase classname="Testcase.MP_BuzSignUp2Publish" name="e_LoadMyTemplatesPage" time="0.001"/>
  <testcase classname="Testcase.MP_StaticTemplateFree2Publish" name="e_ClickOnPublish" time="0.0">
    <skipped/>
  </testcase> <!-- e_ClickOnPublish -->
  <testcase classname="Testcase.MP_StaticTemplatePre2Share" name="e_FinishEditorTourGuide" time="0.0">
    <skipped/>
  </testcase> <!-- e_FinishEditorTourGuide -->
  <testcase classname="Testcase.MP_StaticTemplateBuz2Download" name="e_OpenTemplatePreview" time="0.001"/>
  <testcase classname="Testcase.MP_BuzSignUp2Publish" name="e_TemplatesTourGuide" time="0.001"/>
  <testcase classname="Testcase.MP_StaticTemplatePre2Share" name="e_Share" time="0.0">
    <skipped/>
  </testcase> <!-- e_Share -->
  <testcase classname="Testcase.MP_StaticTemplateBuz2Download" name="e_ClickOnCreateFromTemplates" time="0.001"/>
  <testcase classname="Testcase.MP_StaticTemplateBuz2Download" name="e_FinishEditorTourGuide" time="0.003"/>
  <testcase classname="Testcase.MP_StaticTemplateBuz2Download" name="e_Download" time="0.003">
    <failure type="java.lang.AssertionError" message="expected [true] but found [false]">
      <![CDATA[java.lang.AssertionError: expected [true] but found [false]
at Testcase.MP_StaticTemplateBuz2Download.e_Download(MP_StaticTemplateBuz2Download.java:242)
at java.base/java.util.concurrent.FutureTask.run(Unknown Source)
at java.base/java.util.concurrent.ThreadPoolExecutor.runWorker(Unknown Source)
at java.base/java.util.concurrent.ThreadPoolExecutor$Worker.run(Unknown Source)
at java.base/java.lang.Thread.run(Unknown Source)
... Removed 20 stack frames]]>
    </failure>
  </testcase> <!-- e_Download -->
  <testcase classname="Testcase.MP_BuzSignUp2Publish" name="e_FinishEditorTourGuide" time="0.003"/>
  <testcase classname="Testcase.MP_BuzSignUp2Publish" name="e_ClickOnPublish" time="0.003"/>
  <testcase classname="Testcase.MP_BuzSignUp2Publish" name="e_ClickOnbSurveyAnwser" time="0.001"/>
  <testcase classname="Testcase.MP_BuzSignUp2Publish" name="e_ClickOnbStyleAnwser" time="0.005"/>
  <testcase classname="Testcase.MP_BuzSignUp2Publish" name="e_ClickOnCreateFromTemplate" time="0.0">
    <ignored/>
  </testcase> <!-- e_ClickOnCreateFromTemplate -->
</testsuite> <!-- Mixpanel -->
